<?xml version="1.0" encoding="UTF-8"?>
<!-- Generated by org.testng.reporters.JUnitReportReporter -->
<testsuite hostname="GAGAN-001" failures="0" tests="6" name="testCases.TC_003_DataDrivenTest" time="58.476" errors="0" timestamp="2023-05-22T06:50:48 EDT" skipped="0">
  <testcase classname="testCases.TC_003_DataDrivenTest" name="LoginDataDrivenTest" time="12.912"/>
  <system-out/>
  <testcase classname="testCases.TC_003_DataDrivenTest" name="LoginDataDrivenTest" time="11.504"/>
  <system-out/>
  <testcase classname="testCases.TC_003_DataDrivenTest" name="LoginDataDrivenTest" time="1.656"/>
  <system-out/>
  <testcase classname="testCases.TC_003_DataDrivenTest" name="LoginDataDrivenTest" time="10.795"/>
  <system-out/>
  <testcase classname="testCases.TC_003_DataDrivenTest" name="LoginDataDrivenTest" time="10.715"/>
  <system-out/>
  <testcase classname="testCases.TC_003_DataDrivenTest" name="LoginDataDrivenTest" time="10.894"/>
  <system-out/>
</testsuite> <!-- testCases.TC_003_DataDrivenTest -->
