<?xml version="1.0" encoding="UTF-8"?>
<!-- Generated by org.testng.reporters.JUnitReportReporter -->
<testsuite hostname="GAGAN-001" failures="0" tests="1" name="testCases.TC_002_LoginTest" time="1.610" errors="0" timestamp="2023-05-22T07:24:34 EDT" skipped="0">
  <testcase classname="testCases.TC_002_LoginTest" name="LoginTest" time="1.610"/>
  <system-out/>
</testsuite> <!-- testCases.TC_002_LoginTest -->
