<?xml version="1.0" encoding="UTF-8"?>
<!-- Generated by org.testng.reporters.JUnitReportReporter -->
<testsuite hostname="GAGAN-001" failures="0" tests="1" name="testCases.TC_001_AccountRegistrationTest" time="16.152" errors="0" timestamp="2023-05-27T00:33:48 EDT" skipped="0">
  <testcase classname="testCases.TC_001_AccountRegistrationTest" name="test_account_Registration" time="16.152"/>
  <system-out/>
</testsuite> <!-- testCases.TC_001_AccountRegistrationTest -->
