<?xml version="1.0" encoding="UTF-8"?>
<!-- Generated by org.testng.reporters.JUnitReportReporter -->
<testsuite hostname="GAGAN-001" failures="0" tests="6" name="testCases.TC_003_DataDrivenTest" time="58.920" errors="0" timestamp="2023-05-23T18:17:24 EDT" skipped="0">
  <testcase classname="testCases.TC_003_DataDrivenTest" name="LoginDataDrivenTest" time="12.733"/>
  <testcase classname="testCases.TC_003_DataDrivenTest" name="LoginDataDrivenTest" time="1.452"/>
  <testcase classname="testCases.TC_003_DataDrivenTest" name="LoginDataDrivenTest" time="12.641"/>
  <testcase classname="testCases.TC_003_DataDrivenTest" name="LoginDataDrivenTest" time="10.774"/>
  <testcase classname="testCases.TC_003_DataDrivenTest" name="LoginDataDrivenTest" time="10.623"/>
  <testcase classname="testCases.TC_003_DataDrivenTest" name="LoginDataDrivenTest" time="10.697"/>
</testsuite> <!-- testCases.TC_003_DataDrivenTest -->
