<?xml version="1.0" encoding="UTF-8"?>
<!-- Generated by org.testng.reporters.JUnitReportReporter -->
<testsuite hostname="GAGAN-001" failures="0" tests="1" name="testCases.TC_001_AccountRegistrationTest" time="18.270" errors="0" timestamp="2023-05-27T01:38:37 EDT" skipped="0">
  <testcase classname="testCases.TC_001_AccountRegistrationTest" name="test_account_Registration" time="18.270"/>
</testsuite> <!-- testCases.TC_001_AccountRegistrationTest -->
